                 from arch/sh/kernel/ptrace.c:23:
include/asm/checksum.h: At top level:
include/asm/checksum.h:167: warning: "struct in6_addr" declared inside parameter list
include/asm/checksum.h:167: warning: its scope is only this definition or declaration, which is probably not what you want
  /home/dank/crosstooltest/sh4-unknown-linux-gnu/gcc-3.4.2-glibc-2.3.3/bin/sh4-unknown-linux-gnu-gcc -Wp,-MD,arch/sh/kernel/.setup.o.d -nostdinc -iwithprefix include -D__KERNEL__ -Iinclude  -Wall -Wstrict-prototypes -Wno-trigraphs -fno-strict-aliasing -fno-common -pipe -ml -m4 -m4-nofpu -O2 -fomit-frame-pointer -Wdeclaration-after-statement    -DKBUILD_BASENAME=setup -DKBUILD_MODNAME=setup -c -o arch/sh/kernel/setup.o arch/sh/kernel/setup.c
In file included from include/linux/topology.h:30,
                 from include/linux/mmzone.h:381,
                 from include/linux/gfp.h:4,
                 from include/linux/slab.h:15,
                 from include/linux/percpu.h:4,
                 from include/linux/rcupdate.h:41,
                 from include/linux/dcache.h:10,
                 from include/linux/fs.h:16,
                 from include/linux/tty.h:20,
                 from arch/sh/kernel/setup.c:13:
include/linux/cpumask.h: In function `__first_cpu':
include/linux/cpumask.h:210: warning: passing arg 1 of `find_next_bit' discards qualifiers from pointer target type
include/linux/cpumask.h: In function `__next_cpu':
include/linux/cpumask.h:216: warning: passing arg 1 of `find_next_bit' discards qualifiers from pointer target type
  /home/dank/crosstooltest/sh4-unknown-linux-gnu/gcc-3.4.2-glibc-2.3.3/bin/sh4-unknown-linux-gnu-gcc -Wp,-MD,arch/sh/kernel/.time.o.d -nostdinc -iwithprefix include -D__KERNEL__ -Iinclude  -Wall -Wstrict-prototypes -Wno-trigraphs -fno-strict-aliasing -fno-common -pipe -ml -m4 -m4-nofpu -O2 -fomit-frame-pointer -Wdeclaration-after-statement    -DKBUILD_BASENAME=time -DKBUILD_MODNAME=time -c -o arch/sh/kernel/time.o arch/sh/kernel/time.c
In file included from include/linux/sched.h:15,
                 from include/linux/module.h:10,
                 from arch/sh/kernel/time.c:16:
include/linux/cpumask.h: In function `__first_cpu':
include/linux/cpumask.h:210: warning: passing arg 1 of `find_next_bit' discards qualifiers from pointer target type
include/linux/cpumask.h: In function `__next_cpu':
include/linux/cpumask.h:216: warning: passing arg 1 of `find_next_bit' discards qualifiers from pointer target type
  /home/dank/crosstooltest/sh4-unknown-linux-gnu/gcc-3.4.2-glibc-2.3.3/bin/sh4-unknown-linux-gnu-gcc -Wp,-MD,arch/sh/kernel/.sys_sh.o.d -nostdinc -iwithprefix include -D__KERNEL__ -Iinclude  -Wall -Wstrict-prototypes -Wno-trigraphs -fno-strict-aliasing -fno-common -pipe -ml -m4 -m4-nofpu -O2 -fomit-frame-pointer -Wdeclaration-after-statement    -DKBUILD_BASENAME=sys_sh -DKBUILD_MODNAME=sys_sh -c -o arch/sh/kernel/sys_sh.o arch/sh/kernel/sys_sh.c
In file included from include/linux/sched.h:15,
                 from arch/sh/kernel/sys_sh.c:12:
include/linux/cpumask.h: In function `__first_cpu':
include/linux/cpumask.h:210: warning: passing arg 1 of `find_next_bit' discards qualifiers from pointer target type
include/linux/cpumask.h: In function `__next_cpu':
include/linux/cpumask.h:216: warning: passing arg 1 of `find_next_bit' discards qualifiers from pointer target type
  /home/dank/crosstooltest/sh4-unknown-linux-gnu/gcc-3.4.2-glibc-2.3.3/bin/sh4-unknown-linux-gnu-gcc -Wp,-MD,arch/sh/kernel/.semaphore.o.d -nostdinc -iwithprefix include -D__KERNEL__ -Iinclude  -Wall -Wstrict-prototypes -Wno-trigraphs -fno-strict-aliasing -fno-common -pipe -ml -m4 -m4-nofpu -O2 -fomit-frame-pointer -Wdeclaration-after-statement    -DKBUILD_BASENAME=semaphore -DKBUILD_MODNAME=semaphore -c -o arch/sh/kernel/semaphore.o arch/sh/kernel/semaphore.c
In file included from include/linux/sched.h:15,
                 from arch/sh/kernel/semaphore.c:11:
include/linux/cpumask.h: In function `__first_cpu':
include/linux/cpumask.h:210: warning: passing arg 1 of `find_next_bit' discards qualifiers from pointer target type
include/linux/cpumask.h: In function `__next_cpu':
include/linux/cpumask.h:216: warning: passing arg 1 of `find_next_bit' discards qualifiers from pointer target type
  /home/dank/crosstooltest/sh4-unknown-linux-gnu/gcc-3.4.2-glibc-2.3.3/bin/sh4-unknown-linux-gnu-gcc -Wp,-MD,arch/sh/kernel/.io.o.d -nostdinc -iwithprefix include -D__KERNEL__ -Iinclude  -Wall -Wstrict-prototypes -Wno-trigraphs -fno-strict-aliasing -fno-common -pipe -ml -m4 -m4-nofpu -O2 -fomit-frame-pointer -Wdeclaration-after-statement    -DKBUILD_BASENAME=io -DKBUILD_MODNAME=io -c -o arch/sh/kernel/io.o arch/sh/kernel/io.c
In file included from include/linux/sched.h:15,
                 from include/linux/module.h:10,
                 from arch/sh/kernel/io.c:11:
include/linux/cpumask.h: In function `__first_cpu':
include/linux/cpumask.h:210: warning: passing arg 1 of `find_next_bit' discards qualifiers from pointer target type
include/linux/cpumask.h: In function `__next_cpu':
include/linux/cpumask.h:216: warning: passing arg 1 of `find_next_bit' discards qualifiers from pointer target type
  /home/dank/crosstooltest/sh4-unknown-linux-gnu/gcc-3.4.2-glibc-2.3.3/bin/sh4-unknown-linux-gnu-gcc -Wp,-MD,arch/sh/kernel/.io_generic.o.d -nostdinc -iwithprefix include -D__KERNEL__ -Iinclude  -Wall -Wstrict-prototypes -Wno-trigraphs -fno-strict-aliasing -fno-common -pipe -ml -m4 -m4-nofpu -O2 -fomit-frame-pointer -Wdeclaration-after-statement    -DKBUILD_BASENAME=io_generic -DKBUILD_MODNAME=io_generic -c -o arch/sh/kernel/io_generic.o arch/sh/kernel/io_generic.c
In file included from include/linux/sched.h:15,
                 from include/linux/module.h:10,
                 from arch/sh/kernel/io_generic.c:18:
include/linux/cpumask.h: In function `__first_cpu':
include/linux/cpumask.h:210: warning: passing arg 1 of `find_next_bit' discards qualifiers from pointer target type
include/linux/cpumask.h: In function `__next_cpu':
include/linux/cpumask.h:216: warning: passing arg 1 of `find_next_bit' discards qualifiers from pointer target type
  /home/dank/crosstooltest/sh4-unknown-linux-gnu/gcc-3.4.2-glibc-2.3.3/bin/sh4-unknown-linux-gnu-gcc -Wp,-MD,arch/sh/kernel/.sh_ksyms.o.d -nostdinc -iwithprefix include -D__KERNEL__ -Iinclude  -Wall -Wstrict-prototypes -Wno-trigraphs -fno-strict-aliasing -fno-common -pipe -ml -m4 -m4-nofpu -O2 -fomit-frame-pointer -Wdeclaration-after-statement    -DKBUILD_BASENAME=sh_ksyms -DKBUILD_MODNAME=sh_ksyms -c -o arch/sh/kernel/sh_ksyms.o arch/sh/kernel/sh_ksyms.c
In file included from include/linux/sched.h:15,
                 from include/linux/module.h:10,
                 from arch/sh/kernel/sh_ksyms.c:2:
include/linux/cpumask.h: In function `__first_cpu':
include/linux/cpumask.h:210: warning: passing arg 1 of `find_next_bit' discards qualifiers from pointer target type
include/linux/cpumask.h: In function `__next_cpu':
include/linux/cpumask.h:216: warning: passing arg 1 of `find_next_bit' discards qualifiers from pointer target type
make -f scripts/Makefile.build obj=arch/sh/kernel/cpu
  /home/dank/crosstooltest/sh4-unknown-linux-gnu/gcc-3.4.2-glibc-2.3.3/bin/sh4-unknown-linux-gnu-gcc -Wp,-MD,arch/sh/kernel/cpu/.irq_ipr.o.d -nostdinc -iwithprefix include -D__KERNEL__ -Iinclude  -Wall -Wstrict-prototypes -Wno-trigraphs -fno-strict-aliasing -fno-common -pipe -ml -m4 -m4-nofpu -O2 -fomit-frame-pointer -Wdeclaration-after-statement    -DKBUILD_BASENAME=irq_ipr -DKBUILD_MODNAME=irq_ipr -c -o arch/sh/kernel/cpu/irq_ipr.o arch/sh/kernel/cpu/irq_ipr.c
In file included from include/linux/irq.h:18,
                 from arch/sh/kernel/cpu/irq_ipr.c:21:
include/linux/cpumask.h: In function `__first_cpu':
include/linux/cpumask.h:210: warning: passing arg 1 of `find_next_bit' discards qualifiers from pointer target type
include/linux/cpumask.h: In function `__next_cpu':
include/linux/cpumask.h:216: warning: passing arg 1 of `find_next_bit' discards qualifiers from pointer target type
  /home/dank/crosstooltest/sh4-unknown-linux-gnu/gcc-3.4.2-glibc-2.3.3/bin/sh4-unknown-linux-gnu-gcc -Wp,-MD,arch/sh/kernel/cpu/.irq_imask.o.d -nostdinc -iwithprefix include -D__KERNEL__ -Iinclude  -Wall -Wstrict-prototypes -Wno-trigraphs -fno-strict-aliasing -fno-common -pipe -ml -m4 -m4-nofpu -O2 -fomit-frame-pointer -Wdeclaration-after-statement    -DKBUILD_BASENAME=irq_imask -DKBUILD_MODNAME=irq_imask -c -o arch/sh/kernel/cpu/irq_imask.o arch/sh/kernel/cpu/irq_imask.c
In file included from include/linux/sched.h:15,
                 from include/linux/ptrace.h:76,
                 from arch/sh/kernel/cpu/irq_imask.c:14:
include/linux/cpumask.h: In function `__first_cpu':
include/linux/cpumask.h:210: warning: passing arg 1 of `find_next_bit' discards qualifiers from pointer target type
include/linux/cpumask.h: In function `__next_cpu':
include/linux/cpumask.h:216: warning: passing arg 1 of `find_next_bit' discards qualifiers from pointer target type
  /home/dank/crosstooltest/sh4-unknown-linux-gnu/gcc-3.4.2-glibc-2.3.3/bin/sh4-unknown-linux-gnu-gcc -Wp,-MD,arch/sh/kernel/cpu/.init.o.d -nostdinc -iwithprefix include -D__KERNEL__ -Iinclude  -Wall -Wstrict-prototypes -Wno-trigraphs -fno-strict-aliasing -fno-common -pipe -ml -m4 -m4-nofpu -O2 -fomit-frame-pointer -Wdeclaration-after-statement    -DKBUILD_BASENAME=init -DKBUILD_MODNAME=init -c -o arch/sh/kernel/cpu/init.o arch/sh/kernel/cpu/init.c
In file included from include/linux/sched.h:15,
                 from include/asm/uaccess.h:17,
                 from arch/sh/kernel/cpu/init.c:15:
include/linux/cpumask.h: In function `__first_cpu':
include/linux/cpumask.h:210: warning: passing arg 1 of `find_next_bit' discards qualifiers from pointer target type
include/linux/cpumask.h: In function `__next_cpu':
include/linux/cpumask.h:216: warning: passing arg 1 of `find_next_bit' discards qualifiers from pointer target type
  /home/dank/crosstooltest/sh4-unknown-linux-gnu/gcc-3.4.2-glibc-2.3.3/bin/sh4-unknown-linux-gnu-gcc -Wp,-MD,arch/sh/kernel/cpu/.bus.o.d -nostdinc -iwithprefix include -D__KERNEL__ -Iinclude  -Wall -Wstrict-prototypes -Wno-trigraphs -fno-strict-aliasing -fno-common -pipe -ml -m4 -m4-nofpu -O2 -fomit-frame-pointer -Wdeclaration-after-statement    -DKBUILD_BASENAME=bus -DKBUILD_MODNAME=bus -c -o arch/sh/kernel/cpu/bus.o arch/sh/kernel/cpu/bus.c
In file included from include/linux/sched.h:15,
                 from include/linux/module.h:10,
                 from include/linux/device.h:20,
                 from arch/sh/kernel/cpu/bus.c:21:
include/linux/cpumask.h: In function `__first_cpu':
include/linux/cpumask.h:210: warning: passing arg 1 of `find_next_bit' discards qualifiers from pointer target type
include/linux/cpumask.h: In function `__next_cpu':
include/linux/cpumask.h:216: warning: passing arg 1 of `find_next_bit' discards qualifiers from pointer target type
make -f scripts/Makefile.build obj=arch/sh/kernel/cpu/sh4
  /home/dank/crosstooltest/sh4-unknown-linux-gnu/gcc-3.4.2-glibc-2.3.3/bin/sh4-unknown-linux-gnu-gcc -Wp,-MD,arch/sh/kernel/cpu/sh4/.fpu.o.d -nostdinc -iwithprefix include -D__KERNEL__ -Iinclude  -Wall -Wstrict-prototypes -Wno-trigraphs -fno-strict-aliasing -fno-common -pipe -ml -m4 -m4-nofpu -O2 -fomit-frame-pointer -Wdeclaration-after-statement    -DKBUILD_BASENAME=fpu -DKBUILD_MODNAME=fpu -c -o arch/sh/kernel/cpu/sh4/fpu.o arch/sh/kernel/cpu/sh4/fpu.c
In file included from include/linux/sched.h:15,
                 from arch/sh/kernel/cpu/sh4/fpu.c:16:
include/linux/cpumask.h: In function `__first_cpu':
include/linux/cpumask.h:210: warning: passing arg 1 of `find_next_bit' discards qualifiers from pointer target type
include/linux/cpumask.h: In function `__next_cpu':
include/linux/cpumask.h:216: warning: passing arg 1 of `find_next_bit' discards qualifiers from pointer target type
  /home/dank/crosstooltest/sh4-unknown-linux-gnu/gcc-3.4.2-glibc-2.3.3/bin/sh4-unknown-linux-gnu-gcc -Wp,-MD,arch/sh/kernel/cpu/sh4/.ex.o.d -nostdinc -iwithprefix include -D__KERNEL__ -Iinclude  -D__ASSEMBLY__ -ml -m4 -m4-nofpu    -c -o arch/sh/kernel/cpu/sh4/ex.o arch/sh/kernel/cpu/sh4/ex.S
   /home/dank/crosstooltest/sh4-unknown-linux-gnu/gcc-3.4.2-glibc-2.3.3/bin/sh4-unknown-linux-gnu-ld  -EL  -r -o arch/sh/kernel/cpu/sh4/built-in.o arch/sh/kernel/cpu/sh4/fpu.o arch/sh/kernel/cpu/sh4/ex.o
  /home/dank/crosstooltest/sh4-unknown-linux-gnu/gcc-3.4.2-glibc-2.3.3/bin/sh4-unknown-linux-gnu-gcc -Wp,-MD,arch/sh/kernel/cpu/.rtc.o.d -nostdinc -iwithprefix include -D__KERNEL__ -Iinclude  -Wall -Wstrict-prototypes -Wno-trigraphs -fno-strict-aliasing -fno-common -pipe -ml -m4 -m4-nofpu -O2 -fomit-frame-pointer -Wdeclaration-after-statement    -DKBUILD_BASENAME=rtc -DKBUILD_MODNAME=rtc -c -o arch/sh/kernel/cpu/rtc.o arch/sh/kernel/cpu/rtc.c
In file included from include/linux/sched.h:15,
                 from arch/sh/kernel/cpu/rtc.c:10:
include/linux/cpumask.h: In function `__first_cpu':
include/linux/cpumask.h:210: warning: passing arg 1 of `find_next_bit' discards qualifiers from pointer target type
include/linux/cpumask.h: In function `__next_cpu':
include/linux/cpumask.h:216: warning: passing arg 1 of `find_next_bit' discards qualifiers from pointer target type
   /home/dank/crosstooltest/sh4-unknown-linux-gnu/gcc-3.4.2-glibc-2.3.3/bin/sh4-unknown-linux-gnu-ld  -EL  -r -o arch/sh/kernel/cpu/built-in.o arch/sh/kernel/cpu/irq_ipr.o arch/sh/kernel/cpu/irq_imask.o arch/sh/kernel/cpu/init.o arch/sh/kernel/cpu/bus.o arch/sh/kernel/cpu/sh4/built-in.o arch/sh/kernel/cpu/rtc.o
  /home/dank/crosstooltest/sh4-unknown-linux-gnu/gcc-3.4.2-glibc-2.3.3/bin/sh4-unknown-linux-gnu-gcc -Wp,-MD,arch/sh/kernel/.module.o.d -nostdinc -iwithprefix include -D__KERNEL__ -Iinclude  -Wall -Wstrict-prototypes -Wno-trigraphs -fno-strict-aliasing -fno-common -pipe -ml -m4 -m4-nofpu -O2 -fomit-frame-pointer -Wdeclaration-after-statement    -DKBUILD_BASENAME=module -DKBUILD_MODNAME=module -c -o arch/sh/kernel/module.o arch/sh/kernel/module.c
In file included from include/linux/sched.h:15,
                 from include/linux/module.h:10,
                 from include/linux/moduleloader.h:5,
                 from arch/sh/kernel/module.c:17:
include/linux/cpumask.h: In function `__first_cpu':
include/linux/cpumask.h:210: warning: passing arg 1 of `find_next_bit' discards qualifiers from pointer target type
include/linux/cpumask.h: In function `__next_cpu':
include/linux/cpumask.h:216: warning: passing arg 1 of `find_next_bit' discards qualifiers from pointer target type
   /home/dank/crosstooltest/sh4-unknown-linux-gnu/gcc-3.4.2-glibc-2.3.3/bin/sh4-unknown-linux-gnu-ld  -EL  -r -o arch/sh/kernel/built-in.o arch/sh/kernel/process.o arch/sh/kernel/signal.o arch/sh/kernel/entry.o arch/sh/kernel/traps.o arch/sh/kernel/irq.o arch/sh/kernel/ptrace.o arch/sh/kernel/setup.o arch/sh/kernel/time.o arch/sh/kernel/sys_sh.o arch/sh/kernel/semaphore.o arch/sh/kernel/io.o arch/sh/kernel/io_generic.o arch/sh/kernel/sh_ksyms.o arch/sh/kernel/cpu/built-in.o arch/sh/kernel/module.o
  /home/dank/crosstooltest/sh4-unknown-linux-gnu/gcc-3.4.2-glibc-2.3.3/bin/sh4-unknown-linux-gnu-gcc -Wp,-MD,arch/sh/kernel/.head.o.d -nostdinc -iwithprefix include -D__KERNEL__ -Iinclude  -D__ASSEMBLY__ -ml -m4 -m4-nofpu    -c -o arch/sh/kernel/head.o arch/sh/kernel/head.S
  /home/dank/crosstooltest/sh4-unknown-linux-gnu/gcc-3.4.2-glibc-2.3.3/bin/sh4-unknown-linux-gnu-gcc -Wp,-MD,arch/sh/kernel/.init_task.o.d -nostdinc -iwithprefix include -D__KERNEL__ -Iinclude  -Wall -Wstrict-prototypes -Wno-trigraphs -fno-strict-aliasing -fno-common -pipe -ml -m4 -m4-nofpu -O2 -fomit-frame-pointer -Wdeclaration-after-statement    -DKBUILD_BASENAME=init_task -DKBUILD_MODNAME=init_task -c -o arch/sh/kernel/init_task.o arch/sh/kernel/init_task.c
In file included from include/linux/sched.h:15,
                 from include/linux/mm.h:4,
                 from arch/sh/kernel/init_task.c:1:
include/linux/cpumask.h: In function `__first_cpu':
include/linux/cpumask.h:210: warning: passing arg 1 of `find_next_bit' discards qualifiers from pointer target type
include/linux/cpumask.h: In function `__next_cpu':
include/linux/cpumask.h:216: warning: passing arg 1 of `find_next_bit' discards qualifiers from pointer target type
  /home/dank/crosstooltest/sh4-unknown-linux-gnu/gcc-3.4.2-glibc-2.3.3/bin/sh4-unknown-linux-gnu-gcc -E -Wp,-MD,arch/sh/kernel/.vmlinux.lds.asm.d -nostdinc -iwithprefix include -D__KERNEL__ -Iinclude  -D__ASSEMBLY__ -ml -m4 -m4-nofpu  -traditional -P -C -Ush    -o arch/sh/kernel/vmlinux.lds.asm arch/sh/kernel/vmlinux.lds.S 
make -f scripts/Makefile.build obj=arch/sh/mm
  /home/dank/crosstooltest/sh4-unknown-linux-gnu/gcc-3.4.2-glibc-2.3.3/bin/sh4-unknown-linux-gnu-gcc -Wp,-MD,arch/sh/mm/.init.o.d -nostdinc -iwithprefix include -D__KERNEL__ -Iinclude  -Wall -Wstrict-prototypes -Wno-trigraphs -fno-strict-aliasing -fno-common -pipe -ml -m4 -m4-nofpu -O2 -fomit-frame-pointer -Wdeclaration-after-statement    -DKBUILD_BASENAME=init -DKBUILD_MODNAME=init -c -o arch/sh/mm/init.o arch/sh/mm/init.c
In file included from include/linux/sched.h:15,
                 from arch/sh/mm/init.c:14:
include/linux/cpumask.h: In function `__first_cpu':
include/linux/cpumask.h:210: warning: passing arg 1 of `find_next_bit' discards qualifiers from pointer target type
include/linux/cpumask.h: In function `__next_cpu':
include/linux/cpumask.h:216: warning: passing arg 1 of `find_next_bit' discards qualifiers from pointer target type
  /home/dank/crosstooltest/sh4-unknown-linux-gnu/gcc-3.4.2-glibc-2.3.3/bin/sh4-unknown-linux-gnu-gcc -Wp,-MD,arch/sh/mm/.extable.o.d -nostdinc -iwithprefix include -D__KERNEL__ -Iinclude  -Wall -Wstrict-prototypes -Wno-trigraphs -fno-strict-aliasing -fno-common -pipe -ml -m4 -m4-nofpu -O2 -fomit-frame-pointer -Wdeclaration-after-statement    -DKBUILD_BASENAME=extable -DKBUILD_MODNAME=extable -c -o arch/sh/mm/extable.o arch/sh/mm/extable.c
In file included from include/linux/sched.h:15,
                 from include/linux/module.h:10,
                 from arch/sh/mm/extable.c:9:
include/linux/cpumask.h: In function `__first_cpu':
include/linux/cpumask.h:210: warning: passing arg 1 of `find_next_bit' discards qualifiers from pointer target type
include/linux/cpumask.h: In function `__next_cpu':
include/linux/cpumask.h:216: warning: passing arg 1 of `find_next_bit' discards qualifiers from pointer target type
  /home/dank/crosstooltest/sh4-unknown-linux-gnu/gcc-3.4.2-glibc-2.3.3/bin/sh4-unknown-linux-gnu-gcc -Wp,-MD,arch/sh/mm/.consistent.o.d -nostdinc -iwithprefix include -D__KERNEL__ -Iinclude  -Wall -Wstrict-prototypes -Wno-trigraphs -fno-strict-aliasing -fno-common -pipe -ml -m4 -m4-nofpu -O2 -fomit-frame-pointer -Wdeclaration-after-statement    -DKBUILD_BASENAME=consistent -DKBUILD_MODNAME=consistent -c -o arch/sh/mm/consistent.o arch/sh/mm/consistent.c
In file included from include/linux/sched.h:15,
                 from include/linux/mm.h:4,
                 from arch/sh/mm/consistent.c:10:
include/linux/cpumask.h: In function `__first_cpu':
include/linux/cpumask.h:210: warning: passing arg 1 of `find_next_bit' discards qualifiers from pointer target type
include/linux/cpumask.h: In function `__next_cpu':
include/linux/cpumask.h:216: warning: passing arg 1 of `find_next_bit' discards qualifiers from pointer target type
  /home/dank/crosstooltest/sh4-unknown-linux-gnu/gcc-3.4.2-glibc-2.3.3/bin/sh4-unknown-linux-gnu-gcc -Wp,-MD,arch/sh/mm/.cache-sh4.o.d -nostdinc -iwithprefix include -D__KERNEL__ -Iinclude  -Wall -Wstrict-prototypes -Wno-trigraphs -fno-strict-aliasing -fno-common -pipe -ml -m4 -m4-nofpu -O2 -fomit-frame-pointer -Wdeclaration-after-statement    -DKBUILD_BASENAME=cache_sh4 -DKBUILD_MODNAME=cache_sh4 -c -o arch/sh/mm/cache-sh4.o arch/sh/mm/cache-sh4.c
In file included from include/linux/sched.h:15,
                 from include/linux/mm.h:4,
                 from include/linux/mman.h:5,
                 from arch/sh/mm/cache-sh4.c:12:
include/linux/cpumask.h: In function `__first_cpu':
include/linux/cpumask.h:210: warning: passing arg 1 of `find_next_bit' discards qualifiers from pointer target type
include/linux/cpumask.h: In function `__next_cpu':
include/linux/cpumask.h:216: warning: passing arg 1 of `find_next_bit' discards qualifiers from pointer target type
  /home/dank/crosstooltest/sh4-unknown-linux-gnu/gcc-3.4.2-glibc-2.3.3/bin/sh4-unknown-linux-gnu-gcc -Wp,-MD,arch/sh/mm/.pg-sh4.o.d -nostdinc -iwithprefix include -D__KERNEL__ -Iinclude  -Wall -Wstrict-prototypes -Wno-trigraphs -fno-strict-aliasing -fno-common -pipe -ml -m4 -m4-nofpu -O2 -fomit-frame-pointer -Wdeclaration-after-statement    -DKBUILD_BASENAME=pg_sh4 -DKBUILD_MODNAME=pg_sh4 -c -o arch/sh/mm/pg-sh4.o arch/sh/mm/pg-sh4.c
In file included from include/linux/sched.h:15,
                 from include/linux/mm.h:4,
                 from include/linux/mman.h:5,
                 from arch/sh/mm/pg-sh4.c:11:
include/linux/cpumask.h: In function `__first_cpu':
include/linux/cpumask.h:210: warning: passing arg 1 of `find_next_bit' discards qualifiers from pointer target type
include/linux/cpumask.h: In function `__next_cpu':
include/linux/cpumask.h:216: warning: passing arg 1 of `find_next_bit' discards qualifiers from pointer target type
  /home/dank/crosstooltest/sh4-unknown-linux-gnu/gcc-3.4.2-glibc-2.3.3/bin/sh4-unknown-linux-gnu-gcc -Wp,-MD,arch/sh/mm/.fault.o.d -nostdinc -iwithprefix include -D__KERNEL__ -Iinclude  -Wall -Wstrict-prototypes -Wno-trigraphs -fno-strict-aliasing -fno-common -pipe -ml -m4 -m4-nofpu -O2 -fomit-frame-pointer -Wdeclaration-after-statement    -DKBUILD_BASENAME=fault -DKBUILD_MODNAME=fault -c -o arch/sh/mm/fault.o arch/sh/mm/fault.c
In file included from include/linux/sched.h:15,
                 from arch/sh/mm/fault.c:12:
include/linux/cpumask.h: In function `__first_cpu':
include/linux/cpumask.h:210: warning: passing arg 1 of `find_next_bit' discards qualifiers from pointer target type
include/linux/cpumask.h: In function `__next_cpu':
include/linux/cpumask.h:216: warning: passing arg 1 of `find_next_bit' discards qualifiers from pointer target type
  /home/dank/crosstooltest/sh4-unknown-linux-gnu/gcc-3.4.2-glibc-2.3.3/bin/sh4-unknown-linux-gnu-gcc -Wp,-MD,arch/sh/mm/.clear_page.o.d -nostdinc -iwithprefix include -D__KERNEL__ -Iinclude  -D__ASSEMBLY__ -ml -m4 -m4-nofpu    -c -o arch/sh/mm/clear_page.o arch/sh/mm/clear_page.S
  /home/dank/crosstooltest/sh4-unknown-linux-gnu/gcc-3.4.2-glibc-2.3.3/bin/sh4-unknown-linux-gnu-gcc -Wp,-MD,arch/sh/mm/.copy_page.o.d -nostdinc -iwithprefix include -D__KERNEL__ -Iinclude  -D__ASSEMBLY__ -ml -m4 -m4-nofpu    -c -o arch/sh/mm/copy_page.o arch/sh/mm/copy_page.S
  /home/dank/crosstooltest/sh4-unknown-linux-gnu/gcc-3.4.2-glibc-2.3.3/bin/sh4-unknown-linux-gnu-gcc -Wp,-MD,arch/sh/mm/.tlb-sh4.o.d -nostdinc -iwithprefix include -D__KERNEL__ -Iinclude  -Wall -Wstrict-prototypes -Wno-trigraphs -fno-strict-aliasing -fno-common -pipe -ml -m4 -m4-nofpu -O2 -fomit-frame-pointer -Wdeclaration-after-statement    -DKBUILD_BASENAME=tlb_sh4 -DKBUILD_MODNAME=tlb_sh4 -c -o arch/sh/mm/tlb-sh4.o arch/sh/mm/tlb-sh4.c
In file included from include/linux/sched.h:15,
                 from arch/sh/mm/tlb-sh4.c:12:
include/linux/cpumask.h: In function `__first_cpu':
include/linux/cpumask.h:210: warning: passing arg 1 of `find_next_bit' discards qualifiers from pointer target type
include/linux/cpumask.h: In function `__next_cpu':
include/linux/cpumask.h:216: warning: passing arg 1 of `find_next_bit' discards qualifiers from pointer target type
  /home/dank/crosstooltest/sh4-unknown-linux-gnu/gcc-3.4.2-glibc-2.3.3/bin/sh4-unknown-linux-gnu-gcc -Wp,-MD,arch/sh/mm/.ioremap.o.d -nostdinc -iwithprefix include -D__KERNEL__ -Iinclude  -Wall -Wstrict-prototypes -Wno-trigraphs -fno-strict-aliasing -fno-common -pipe -ml -m4 -m4-nofpu -O2 -fomit-frame-pointer -Wdeclaration-after-statement    -DKBUILD_BASENAME=ioremap -DKBUILD_MODNAME=ioremap -c -o arch/sh/mm/ioremap.o arch/sh/mm/ioremap.c
In file included from include/linux/sched.h:15,
                 from include/linux/mm.h:4,
                 from arch/sh/mm/ioremap.c:13:
include/linux/cpumask.h: In function `__first_cpu':
include/linux/cpumask.h:210: warning: passing arg 1 of `find_next_bit' discards qualifiers from pointer target type
include/linux/cpumask.h: In function `__next_cpu':
include/linux/cpumask.h:216: warning: passing arg 1 of `find_next_bit' discards qualifiers from pointer target type
   /home/dank/crosstooltest/sh4-unknown-linux-gnu/gcc-3.4.2-glibc-2.3.3/bin/sh4-unknown-linux-gnu-ld  -EL  -r -o arch/sh/mm/built-in.o arch/sh/mm/init.o arch/sh/mm/extable.o arch/sh/mm/consistent.o arch/sh/mm/cache-sh4.o arch/sh/mm/pg-sh4.o arch/sh/mm/fault.o arch/sh/mm/clear_page.o arch/sh/mm/copy_page.o arch/sh/mm/tlb-sh4.o arch/sh/mm/ioremap.o
make -f scripts/Makefile.build obj=arch/sh/boards/unknown
  /home/dank/crosstooltest/sh4-unknown-linux-gnu/gcc-3.4.2-glibc-2.3.3/bin/sh4-unknown-linux-gnu-gcc -Wp,-MD,arch/sh/boards/unknown/.mach.o.d -nostdinc -iwithprefix include -D__KERNEL__ -Iinclude  -Wall -Wstrict-prototypes -Wno-trigraphs -fno-strict-aliasing -fno-common -pipe -ml -m4 -m4-nofpu -O2 -fomit-frame-pointer -Wdeclaration-after-statement    -DKBUILD_BASENAME=mach -DKBUILD_MODNAME=mach -c -o arch/sh/boards/unknown/mach.o arch/sh/boards/unknown/mach.c
arch/sh/boards/unknown/mach.c:18:28: asm/io_unknown.h: No such file or directory
arch/sh/boards/unknown/mach.c:34: error: `unknown_inb' undeclared here (not in a function)
arch/sh/boards/unknown/mach.c:34: error: initializer element is not constant
arch/sh/boards/unknown/mach.c:34: error: (near initialization for `mv_unknown.mv_inb')
arch/sh/boards/unknown/mach.c:35: error: `unknown_inw' undeclared here (not in a function)
arch/sh/boards/unknown/mach.c:35: error: initializer element is not constant
arch/sh/boards/unknown/mach.c:35: error: (near initialization for `mv_unknown.mv_inw')
arch/sh/boards/unknown/mach.c:36: error: `unknown_inl' undeclared here (not in a function)
arch/sh/boards/unknown/mach.c:36: error: initializer element is not constant
arch/sh/boards/unknown/mach.c:36: error: (near initialization for `mv_unknown.mv_inl')
arch/sh/boards/unknown/mach.c:37: error: `unknown_outb' undeclared here (not in a function)
arch/sh/boards/unknown/mach.c:37: error: initializer element is not constant
arch/sh/boards/unknown/mach.c:37: error: (near initialization for `mv_unknown.mv_outb')
arch/sh/boards/unknown/mach.c:38: error: `unknown_outw' undeclared here (not in a function)
arch/sh/boards/unknown/mach.c:38: error: initializer element is not constant
arch/sh/boards/unknown/mach.c:38: error: (near initialization for `mv_unknown.mv_outw')
arch/sh/boards/unknown/mach.c:39: error: `unknown_outl' undeclared here (not in a function)
arch/sh/boards/unknown/mach.c:39: error: initializer element is not constant
arch/sh/boards/unknown/mach.c:39: error: (near initialization for `mv_unknown.mv_outl')
arch/sh/boards/unknown/mach.c:41: error: `unknown_inb_p' undeclared here (not in a function)
arch/sh/boards/unknown/mach.c:41: error: initializer element is not constant
arch/sh/boards/unknown/mach.c:41: error: (near initialization for `mv_unknown.mv_inb_p')
arch/sh/boards/unknown/mach.c:42: error: `unknown_inw_p' undeclared here (not in a function)
arch/sh/boards/unknown/mach.c:42: error: initializer element is not constant
arch/sh/boards/unknown/mach.c:42: error: (near initialization for `mv_unknown.mv_inw_p')
arch/sh/boards/unknown/mach.c:43: error: `unknown_inl_p' undeclared here (not in a function)
arch/sh/boards/unknown/mach.c:43: error: initializer element is not constant
arch/sh/boards/unknown/mach.c:43: error: (near initialization for `mv_unknown.mv_inl_p')
arch/sh/boards/unknown/mach.c:44: error: `unknown_outb_p' undeclared here (not in a function)
arch/sh/boards/unknown/mach.c:44: error: initializer element is not constant
arch/sh/boards/unknown/mach.c:44: error: (near initialization for `mv_unknown.mv_outb_p')
arch/sh/boards/unknown/mach.c:45: error: `unknown_outw_p' undeclared here (not in a function)
arch/sh/boards/unknown/mach.c:45: error: initializer element is not constant
arch/sh/boards/unknown/mach.c:45: error: (near initialization for `mv_unknown.mv_outw_p')
arch/sh/boards/unknown/mach.c:46: error: `unknown_outl_p' undeclared here (not in a function)
arch/sh/boards/unknown/mach.c:46: error: initializer element is not constant
arch/sh/boards/unknown/mach.c:46: error: (near initialization for `mv_unknown.mv_outl_p')
arch/sh/boards/unknown/mach.c:48: error: `unknown_insb' undeclared here (not in a function)
arch/sh/boards/unknown/mach.c:48: error: initializer element is not constant
arch/sh/boards/unknown/mach.c:48: error: (near initialization for `mv_unknown.mv_insb')
arch/sh/boards/unknown/mach.c:49: error: `unknown_insw' undeclared here (not in a function)
arch/sh/boards/unknown/mach.c:49: error: initializer element is not constant
arch/sh/boards/unknown/mach.c:49: error: (near initialization for `mv_unknown.mv_insw')
arch/sh/boards/unknown/mach.c:50: error: `unknown_insl' undeclared here (not in a function)
arch/sh/boards/unknown/mach.c:50: error: initializer element is not constant
arch/sh/boards/unknown/mach.c:50: error: (near initialization for `mv_unknown.mv_insl')
arch/sh/boards/unknown/mach.c:51: error: `unknown_outsb' undeclared here (not in a function)
arch/sh/boards/unknown/mach.c:51: error: initializer element is not constant
arch/sh/boards/unknown/mach.c:51: error: (near initialization for `mv_unknown.mv_outsb')
arch/sh/boards/unknown/mach.c:52: error: `unknown_outsw' undeclared here (not in a function)
arch/sh/boards/unknown/mach.c:52: error: initializer element is not constant
arch/sh/boards/unknown/mach.c:52: error: (near initialization for `mv_unknown.mv_outsw')
arch/sh/boards/unknown/mach.c:53: error: `unknown_outsl' undeclared here (not in a function)
arch/sh/boards/unknown/mach.c:53: error: initializer element is not constant
arch/sh/boards/unknown/mach.c:53: error: (near initialization for `mv_unknown.mv_outsl')
arch/sh/boards/unknown/mach.c:55: error: `unknown_readb' undeclared here (not in a function)
arch/sh/boards/unknown/mach.c:55: error: initializer element is not constant
arch/sh/boards/unknown/mach.c:55: error: (near initialization for `mv_unknown.mv_readb')
arch/sh/boards/unknown/mach.c:56: error: `unknown_readw' undeclared here (not in a function)
arch/sh/boards/unknown/mach.c:56: error: initializer element is not constant
arch/sh/boards/unknown/mach.c:56: error: (near initialization for `mv_unknown.mv_readw')
arch/sh/boards/unknown/mach.c:57: error: `unknown_readl' undeclared here (not in a function)
arch/sh/boards/unknown/mach.c:57: error: initializer element is not constant
arch/sh/boards/unknown/mach.c:57: error: (near initialization for `mv_unknown.mv_readl')
arch/sh/boards/unknown/mach.c:58: error: `unknown_writeb' undeclared here (not in a function)
arch/sh/boards/unknown/mach.c:58: error: initializer element is not constant
arch/sh/boards/unknown/mach.c:58: error: (near initialization for `mv_unknown.mv_writeb')
arch/sh/boards/unknown/mach.c:59: error: `unknown_writew' undeclared here (not in a function)
arch/sh/boards/unknown/mach.c:59: error: initializer element is not constant
arch/sh/boards/unknown/mach.c:59: error: (near initialization for `mv_unknown.mv_writew')
arch/sh/boards/unknown/mach.c:60: error: `unknown_writel' undeclared here (not in a function)
arch/sh/boards/unknown/mach.c:60: error: initializer element is not constant
arch/sh/boards/unknown/mach.c:60: error: (near initialization for `mv_unknown.mv_writel')
arch/sh/boards/unknown/mach.c:62: error: `unknown_ioremap' undeclared here (not in a function)
arch/sh/boards/unknown/mach.c:62: error: initializer element is not constant
arch/sh/boards/unknown/mach.c:62: error: (near initialization for `mv_unknown.mv_ioremap')
arch/sh/boards/unknown/mach.c:63: error: `unknown_iounmap' undeclared here (not in a function)
arch/sh/boards/unknown/mach.c:63: error: initializer element is not constant
arch/sh/boards/unknown/mach.c:63: error: (near initialization for `mv_unknown.mv_iounmap')
arch/sh/boards/unknown/mach.c:65: error: `unknown_isa_port2addr' undeclared here (not in a function)
arch/sh/boards/unknown/mach.c:65: error: initializer element is not constant
arch/sh/boards/unknown/mach.c:65: error: (near initialization for `mv_unknown.mv_isa_port2addr')
make[1]: *** [arch/sh/boards/unknown/mach.o] Error 1
make: *** [arch/sh/boards/unknown] Error 2

real	40m19.115s
user	32m31.077s
sys	5m14.832s
+ df
Filesystem           1K-blocks      Used Available Use% Mounted on
/dev/mapper/VolGroup00-LogVol00
                      63088564  15816696  44067160  27% /
/dev/hda2               101105      8947     86937  10% /boot
none                    257652         0    257652   0% /dev/shm
Finished job sh4-gcc-3.4.2-glibc-2.3.3.sh on node k8
